[debug] [2023-10-10T13:57:58.066Z] ----------------------------------------------------------------------
[debug] [2023-10-10T13:57:58.071Z] Command:       C:\Program Files\nodejs\node.exe C:\Users\PRAVEEN\AppData\Roaming\npm\node_modules\firebase-tools\lib\bin\firebase.js init
[debug] [2023-10-10T13:57:58.072Z] CLI Version:   12.6.2
[debug] [2023-10-10T13:57:58.072Z] Platform:      win32
[debug] [2023-10-10T13:57:58.072Z] Node Version:  v16.14.0
[debug] [2023-10-10T13:57:58.085Z] Time:          Tue Oct 10 2023 19:27:58 GMT+0530 (India Standard Time)
[debug] [2023-10-10T13:57:58.086Z] ----------------------------------------------------------------------
[debug] 
[debug] [2023-10-10T13:57:58.261Z] > command requires scopes: ["email","openid","https://www.googleapis.com/auth/cloudplatformprojects.readonly","https://www.googleapis.com/auth/firebase","https://www.googleapis.com/auth/cloud-platform"]
[debug] [2023-10-10T13:57:58.263Z] > authorizing via signed-in user (praveen772836@gmail.com)
[info] 
     ######## #### ########  ######## ########     ###     ######  ########
     ##        ##  ##     ## ##       ##     ##  ##   ##  ##       ##
     ######    ##  ########  ######   ########  #########  ######  ######
     ##        ##  ##    ##  ##       ##     ## ##     ##       ## ##
     ##       #### ##     ## ######## ########  ##     ##  ######  ########

You're about to initialize a Firebase project in this directory:

  C:\Users\PRAVEEN\OneDrive\Desktop\New folder (10)

Before we get started, keep in mind:

  * You are initializing within an existing Firebase project directory

